\BOOKMARK [1][-]{section.1}{Question 1.1}{}% 1
\BOOKMARK [2][-]{subsection.1.1}{Question}{section.1}% 2
\BOOKMARK [2][-]{subsection.1.2}{Methodology}{section.1}% 3
\BOOKMARK [2][-]{subsection.1.3}{Analysis}{section.1}% 4
\BOOKMARK [2][-]{subsection.1.4}{Results}{section.1}% 5
\BOOKMARK [1][-]{section.2}{Question 1.2}{}% 6
\BOOKMARK [2][-]{subsection.2.1}{Question}{section.2}% 7
\BOOKMARK [2][-]{subsection.2.2}{Methodology}{section.2}% 8
\BOOKMARK [2][-]{subsection.2.3}{Answer}{section.2}% 9
\BOOKMARK [1][-]{section.3}{Question 1.4}{}% 10
\BOOKMARK [2][-]{subsection.3.1}{Question}{section.3}% 11
\BOOKMARK [2][-]{subsection.3.2}{Answer}{section.3}% 12
\BOOKMARK [1][-]{section.4}{Question 3.8}{}% 13
\BOOKMARK [2][-]{subsection.4.1}{Question}{section.4}% 14
\BOOKMARK [2][-]{subsection.4.2}{Answer}{section.4}% 15
\BOOKMARK [1][-]{section.5}{Question 3.9}{}% 16
\BOOKMARK [2][-]{subsection.5.1}{Question}{section.5}% 17
\BOOKMARK [2][-]{subsection.5.2}{Methodology}{section.5}% 18
\BOOKMARK [2][-]{subsection.5.3}{Code}{section.5}% 19
\BOOKMARK [1][-]{section*.1}{References}{}% 20
