\BOOKMARK [1][-]{section.1}{Question 8.3}{}% 1
\BOOKMARK [2][-]{subsection.1.1}{Question}{section.1}% 2
\BOOKMARK [2][-]{subsection.1.2}{Methodology}{section.1}% 3
\BOOKMARK [2][-]{subsection.1.3}{Results}{section.1}% 4
\BOOKMARK [1][-]{section.2}{Question 8.4}{}% 5
\BOOKMARK [2][-]{subsection.2.1}{Question}{section.2}% 6
\BOOKMARK [2][-]{subsection.2.2}{Methodology}{section.2}% 7
\BOOKMARK [2][-]{subsection.2.3}{Results}{section.2}% 8
\BOOKMARK [1][-]{section.3}{Question 8.5}{}% 9
\BOOKMARK [2][-]{subsection.3.1}{Question}{section.3}% 10
\BOOKMARK [2][-]{subsection.3.2}{Methodology}{section.3}% 11
\BOOKMARK [2][-]{subsection.3.3}{Results}{section.3}% 12
\BOOKMARK [1][-]{section.4}{Question 8.7}{}% 13
\BOOKMARK [2][-]{subsection.4.1}{Question}{section.4}% 14
\BOOKMARK [2][-]{subsection.4.2}{Methodology}{section.4}% 15
\BOOKMARK [2][-]{subsection.4.3}{Results}{section.4}% 16
\BOOKMARK [1][-]{section.5}{Question 8.9}{}% 17
\BOOKMARK [2][-]{subsection.5.1}{Question}{section.5}% 18
\BOOKMARK [2][-]{subsection.5.2}{Methodology}{section.5}% 19
\BOOKMARK [2][-]{subsection.5.3}{Results}{section.5}% 20
\BOOKMARK [1][-]{section*.1}{References}{}% 21
